-------------------------------------------------------------------------------
Test set: com.fis.bankingapplication.BankingApplicationTests
-------------------------------------------------------------------------------
Tests run: 1, Failures: 0, Errors: 1, Skipped: 0, Time elapsed: 0.371 s <<< FAILURE! - in com.fis.bankingapplication.BankingApplicationTests
com.fis.bankingapplication.BankingApplicationTests  Time elapsed: 0.369 s  <<< ERROR!
java.lang.IllegalStateException: Unable to find a @SpringBootConfiguration, you need to use @ContextConfiguration or @SpringBootTest(classes=...) with your test

